  FS.cpp
C:\Users\n.poltavskiy\Source\Repos\WGSynch_service\WGSynch_service\FS.h(32,1): warning C4267: аргумент: преобразование из "size_t" в "unsigned int"; возможна потеря данных
C:\Users\n.poltavskiy\Source\Repos\WGSynch_service\WGSynch_service\FS.h(29,14): warning C4101: res: неиспользованная локальная переменная
C:\Users\n.poltavskiy\Source\Repos\WGSynch_service\WGSynch_service\FS.h(28,13): warning C4101: row: неиспользованная локальная переменная
C:\Users\n.poltavskiy\Source\Repos\WGSynch_service\WGSynch_service\FS.h(53,1): warning C4267: аргумент: преобразование из "size_t" в "unsigned int"; возможна потеря данных
C:\Users\n.poltavskiy\Source\Repos\WGSynch_service\WGSynch_service\FS.h(49,14): warning C4101: res: неиспользованная локальная переменная
C:\Users\n.poltavskiy\Source\Repos\WGSynch_service\WGSynch_service\FS.h(48,13): warning C4101: row: неиспользованная локальная переменная
C:\Users\n.poltavskiy\Source\Repos\WGSynch_service\WGSynch_service\FS.h(123,1): warning C4267: аргумент: преобразование из "size_t" в "unsigned int"; возможна потеря данных
C:\Users\n.poltavskiy\Source\Repos\WGSynch_service\WGSynch_service\FS.h(120,14): warning C4101: res: неиспользованная локальная переменная
C:\Users\n.poltavskiy\Source\Repos\WGSynch_service\WGSynch_service\FS.h(119,13): warning C4101: row: неиспользованная локальная переменная
  main.cpp
C:\Users\n.poltavskiy\Source\Repos\WGSynch_service\WGSynch_service\FS.h(32,1): warning C4267: аргумент: преобразование из "size_t" в "unsigned int"; возможна потеря данных
C:\Users\n.poltavskiy\Source\Repos\WGSynch_service\WGSynch_service\FS.h(29,14): warning C4101: res: неиспользованная локальная переменная
C:\Users\n.poltavskiy\Source\Repos\WGSynch_service\WGSynch_service\FS.h(28,13): warning C4101: row: неиспользованная локальная переменная
C:\Users\n.poltavskiy\Source\Repos\WGSynch_service\WGSynch_service\FS.h(53,1): warning C4267: аргумент: преобразование из "size_t" в "unsigned int"; возможна потеря данных
C:\Users\n.poltavskiy\Source\Repos\WGSynch_service\WGSynch_service\FS.h(49,14): warning C4101: res: неиспользованная локальная переменная
C:\Users\n.poltavskiy\Source\Repos\WGSynch_service\WGSynch_service\FS.h(48,13): warning C4101: row: неиспользованная локальная переменная
C:\Users\n.poltavskiy\Source\Repos\WGSynch_service\WGSynch_service\FS.h(123,1): warning C4267: аргумент: преобразование из "size_t" в "unsigned int"; возможна потеря данных
C:\Users\n.poltavskiy\Source\Repos\WGSynch_service\WGSynch_service\FS.h(120,14): warning C4101: res: неиспользованная локальная переменная
C:\Users\n.poltavskiy\Source\Repos\WGSynch_service\WGSynch_service\FS.h(119,13): warning C4101: row: неиспользованная локальная переменная
  Создание кода
  5 of 435 functions ( 1.1%) were compiled, the rest were copied from previous compilation.
    0 functions were new in current compilation
    13 functions had inline decision re-evaluated but remain unchanged
  Создание кода завершено
  WGSynch_service.vcxproj -> C:\Users\n.poltavskiy\Source\Repos\WGSynch_service\x64\Release\WGSynch_service.exe
